<?xml version="1.0" encoding="UTF-8"?>
<!-- Generated by org.testng.reporters.JUnitXMLReporter -->
<testsuite hostname="DESKTOP-B75F35K" ignored="8" name="Default test" tests="23" failures="0" timestamp="18 May 2018 01:15:59 GMT" time="477.425" errors="0">
  <testcase name="ValidateLogin" time="19.005" classname="smokeTestIE.ValidateSmokeTest"/>
  <testcase name="ValidateFavoriteIcon" time="33.362" classname="smokeTestIE.ValidateSmokeTest"/>
  <testcase name="ValidateSearching" time="21.119" classname="smokeTestIE.ValidateSmokeTest"/>
  <testcase name="ValidatePDPandAddToCart" time="28.977" classname="smokeTestIE.ValidateSmokeTest"/>
  <testcase name="ValidateRecentViewLink" time="24.339" classname="smokeTestIE.ValidateSmokeTest"/>
  <testcase name="ValidateFooterLogo" time="3.135" classname="smokeTestIE.ValidateSmokeTest"/>
  <testcase name="ValidateMyProfNavigation" time="23.944" classname="smokeTestIE.ValidateSmokeTest"/>
  <testcase name="ValidateHeaderLogo" time="10.357" classname="smokeTestIE.ValidateSmokeTest"/>
  <testcase name="ValidateStandardsCatalog" time="10.233" classname="smokeTestIE.ValidateSmokeTest"/>
  <testcase name="ValidateStandardsCatalogDetail" time="20.857" classname="smokeTestIE.ValidateSmokeTest"/>
  <testcase name="ValidateAllProduct" time="12.414" classname="smokeTestIE.ValidateSmokeTest"/>
  <testcase name="ValidateAudioCablesCategory" time="19.501" classname="smokeTestIE.ValidateSmokeTest"/>
  <testcase name="ValidateResources" time="10.423" classname="smokeTestIE.ValidateSmokeTest"/>
  <testcase name="ValidateSpecialOffer" time="14.744" classname="smokeTestIE.ValidateSmokeTest"/>
  <testcase name="ValidateCartPage" time="5.933" classname="smokeTestIE.ValidateSmokeTest"/>
  <testcase name="ValidateCheckoutProcess" time="31.804" classname="smokeTestIE.ValidateSmokeTest"/>
  <testcase name="ValidateFooterLinks" time="84.127" classname="smokeTestIE.ValidateSmokeTest"/>
  <testcase name="ValidateTrackpage" time="20.512" classname="smokeTestIE.ValidateSmokeTest"/>
  <testcase name="ValidateordersPage" time="20.439" classname="smokeTestIE.ValidateSmokeTest"/>
  <testcase name="ValidatePurchaseAnalysisPage" time="15.445" classname="smokeTestIE.ValidateSmokeTest"/>
  <testcase name="ValidatePAEmail" time="2.772" classname="smokeTestIE.ValidateSmokeTest"/>
  <testcase name="ValidateCalendarPage" time="23.458" classname="smokeTestIE.ValidateSmokeTest"/>
  <testcase name="ValidateSavedReports" time="20.406" classname="smokeTestIE.ValidateSmokeTest"/>
  <testcase name="ValidateAddTofavorites" time="0.0" classname="smokeTestIE.ValidateSmokeTest">
    <ignored/>
  </testcase> <!-- ValidateAddTofavorites -->
  <testcase name="ValidateAddToCart" time="0.0" classname="smokeTestIE.ValidateSmokeTest">
    <ignored/>
  </testcase> <!-- ValidateAddToCart -->
  <testcase name="ValidateCheckoutFooterLogo" time="0.0" classname="smokeTestIE.ValidateSmokeTest">
    <ignored/>
  </testcase> <!-- ValidateCheckoutFooterLogo -->
  <testcase name="ValidateComparePage" time="0.0" classname="smokeTestIE.ValidateSmokeTest">
    <ignored/>
  </testcase> <!-- ValidateComparePage -->
  <testcase name="ValidateRemoveFromCart" time="0.0" classname="smokeTestIE.ValidateSmokeTest">
    <ignored/>
  </testcase> <!-- ValidateRemoveFromCart -->
  <testcase name="ValidateCalendarLinks" time="0.0" classname="smokeTestIE.ValidateSmokeTest">
    <ignored/>
  </testcase> <!-- ValidateCalendarLinks -->
  <testcase name="ValidateAllReportsLinks" time="0.0" classname="smokeTestIE.ValidateSmokeTest">
    <ignored/>
  </testcase> <!-- ValidateAllReportsLinks -->
  <testcase name="ValidateCheckoutHeaderLogo" time="0.0" classname="smokeTestIE.ValidateSmokeTest">
    <ignored/>
  </testcase> <!-- ValidateCheckoutHeaderLogo -->
</testsuite> <!-- Default test -->
