<?xml version="1.0" encoding="UTF-8"?>
<!-- Generated by org.testng.reporters.JUnitXMLReporter -->
<testsuite hostname="DESKTOP-B75F35K" ignored="8" name="ValidateSmokeTests" tests="23" failures="2" timestamp="17 May 2018 23:31:55 GMT" time="492.011" errors="0">
  <testcase name="ValidateLogin" time="27.953" classname="smokeTestIE.ValidateSmokeTest"/>
  <testcase name="ValidateFavoriteIcon" time="35.251" classname="smokeTestIE.ValidateSmokeTest"/>
  <testcase name="ValidateSearching" time="21.31" classname="smokeTestIE.ValidateSmokeTest"/>
  <testcase name="ValidatePDPandAddToCart" time="30.221" classname="smokeTestIE.ValidateSmokeTest"/>
  <testcase name="ValidateRecentViewLink" time="25.281" classname="smokeTestIE.ValidateSmokeTest"/>
  <testcase name="ValidateFooterLogo" time="3.25" classname="smokeTestIE.ValidateSmokeTest"/>
  <testcase name="ValidateMyProfNavigation" time="24.656" classname="smokeTestIE.ValidateSmokeTest"/>
  <testcase name="ValidateHeaderLogo" time="12.656" classname="smokeTestIE.ValidateSmokeTest"/>
  <testcase name="ValidateStandardsCatalog" time="11.329" classname="smokeTestIE.ValidateSmokeTest"/>
  <testcase name="ValidateStandardsCatalogDetail" time="20.781" classname="smokeTestIE.ValidateSmokeTest"/>
  <testcase name="ValidateAllProduct" time="13.016" classname="smokeTestIE.ValidateSmokeTest"/>
  <testcase name="ValidateAudioCablesCategory" time="25.64" classname="smokeTestIE.ValidateSmokeTest"/>
  <testcase name="ValidateResources" time="15.644" classname="smokeTestIE.ValidateSmokeTest"/>
  <testcase name="ValidateSpecialOffer" time="16.778" classname="smokeTestIE.ValidateSmokeTest"/>
  <testcase name="ValidateCartPage" time="4.703" classname="smokeTestIE.ValidateSmokeTest"/>
  <testcase name="ValidateCheckoutProcess" time="31.594" classname="smokeTestIE.ValidateSmokeTest"/>
  <testcase name="ValidateFooterLinks" time="53.656" classname="smokeTestIE.ValidateSmokeTest">
    <failure type="java.lang.AssertionError" message="expected [Special Offers - MarkITplace] but found [Resources - MarkITplace]">
      <![CDATA[java.lang.AssertionError: expected [Special Offers - MarkITplace] but found [Resources - MarkITplace]
at smokeTestIE.ValidateSmokeTest.ValidateFooterLinks(ValidateSmokeTest.java:827)
... Removed 35 stack frames]]>
    </failure>
  </testcase> <!-- ValidateFooterLinks -->
  <testcase name="ValidateTrackpage" time="30.347" classname="smokeTestIE.ValidateSmokeTest"/>
  <testcase name="ValidateordersPage" time="10.404" classname="smokeTestIE.ValidateSmokeTest">
    <failure type="java.lang.AssertionError" message="expected [Orders - MarkITplace] but found [Track Dashboard - MarkITplace]">
      <![CDATA[java.lang.AssertionError: expected [Orders - MarkITplace] but found [Track Dashboard - MarkITplace]
at smokeTestIE.ValidateSmokeTest.ValidateordersPage(ValidateSmokeTest.java:890)
... Removed 35 stack frames]]>
    </failure>
  </testcase> <!-- ValidateordersPage -->
  <testcase name="ValidatePurchaseAnalysisPage" time="32.804" classname="smokeTestIE.ValidateSmokeTest"/>
  <testcase name="ValidatePAEmail" time="2.734" classname="smokeTestIE.ValidateSmokeTest"/>
  <testcase name="ValidateCalendarPage" time="19.125" classname="smokeTestIE.ValidateSmokeTest"/>
  <testcase name="ValidateSavedReports" time="22.422" classname="smokeTestIE.ValidateSmokeTest"/>
  <testcase name="ValidateAddTofavorites" time="0.0" classname="smokeTestIE.ValidateSmokeTest">
    <ignored/>
  </testcase> <!-- ValidateAddTofavorites -->
  <testcase name="ValidateAddToCart" time="0.0" classname="smokeTestIE.ValidateSmokeTest">
    <ignored/>
  </testcase> <!-- ValidateAddToCart -->
  <testcase name="ValidateCheckoutFooterLogo" time="0.0" classname="smokeTestIE.ValidateSmokeTest">
    <ignored/>
  </testcase> <!-- ValidateCheckoutFooterLogo -->
  <testcase name="ValidateComparePage" time="0.0" classname="smokeTestIE.ValidateSmokeTest">
    <ignored/>
  </testcase> <!-- ValidateComparePage -->
  <testcase name="ValidateRemoveFromCart" time="0.0" classname="smokeTestIE.ValidateSmokeTest">
    <ignored/>
  </testcase> <!-- ValidateRemoveFromCart -->
  <testcase name="ValidateCalendarLinks" time="0.0" classname="smokeTestIE.ValidateSmokeTest">
    <ignored/>
  </testcase> <!-- ValidateCalendarLinks -->
  <testcase name="ValidateAllReportsLinks" time="0.0" classname="smokeTestIE.ValidateSmokeTest">
    <ignored/>
  </testcase> <!-- ValidateAllReportsLinks -->
  <testcase name="ValidateCheckoutHeaderLogo" time="0.0" classname="smokeTestIE.ValidateSmokeTest">
    <ignored/>
  </testcase> <!-- ValidateCheckoutHeaderLogo -->
</testsuite> <!-- ValidateSmokeTests -->
