<?xml version="1.0" encoding="UTF-8"?>
<!-- Generated by org.testng.reporters.JUnitXMLReporter -->
<testsuite hostname="DESKTOP-B75F35K" ignored="8" name="ValidateSmokeTests" tests="23" failures="2" timestamp="15 May 2018 04:42:43 GMT" time="474.054" errors="0">
  <testcase name="ValidateLogin" time="37.5" classname="smokeTestIE.ValidateSmokeTest"/>
  <testcase name="ValidateFavoriteIcon" time="34.297" classname="smokeTestIE.ValidateSmokeTest"/>
  <testcase name="ValidateSearching" time="21.915" classname="smokeTestIE.ValidateSmokeTest"/>
  <testcase name="ValidatePDP" time="17.255" classname="smokeTestIE.ValidateSmokeTest">
    <failure type="java.lang.AssertionError" message="expected [HP Officejet Pro 8710 All-in-One - Multifunction printer - MarkITplace] but found [Printers - MarkITplace]">
      <![CDATA[java.lang.AssertionError: expected [HP Officejet Pro 8710 All-in-One - Multifunction printer - MarkITplace] but found [Printers - MarkITplace]
at smokeTestIE.ValidateSmokeTest.ValidatePDP(ValidateSmokeTest.java:352)
... Removed 35 stack frames]]>
    </failure>
  </testcase> <!-- ValidatePDP -->
  <testcase name="ValidateRecentViewLink" time="27.844" classname="smokeTestIE.ValidateSmokeTest"/>
  <testcase name="ValidateFooterLogo" time="4.023" classname="smokeTestIE.ValidateSmokeTest"/>
  <testcase name="ValidateMyProfNavigation" time="27.005" classname="smokeTestIE.ValidateSmokeTest"/>
  <testcase name="ValidateHeaderLogo" time="10.407" classname="smokeTestIE.ValidateSmokeTest"/>
  <testcase name="ValidateStandardsCatalog" time="10.687" classname="smokeTestIE.ValidateSmokeTest"/>
  <testcase name="ValidateStandardsCatalogDetail" time="21.875" classname="smokeTestIE.ValidateSmokeTest"/>
  <testcase name="ValidateAllProduct" time="14.292" classname="smokeTestIE.ValidateSmokeTest"/>
  <testcase name="ValidateAudioCablesCategory" time="23.536" classname="smokeTestIE.ValidateSmokeTest"/>
  <testcase name="ValidateResources" time="17.063" classname="smokeTestIE.ValidateSmokeTest"/>
  <testcase name="ValidateSpecialOffer" time="7.702" classname="smokeTestIE.ValidateSmokeTest"/>
  <testcase name="ValidateCartPage" time="4.474" classname="smokeTestIE.ValidateSmokeTest"/>
  <testcase name="ValidateFooterLinks" time="47.944" classname="smokeTestIE.ValidateSmokeTest">
    <failure type="org.openqa.selenium.interactions.MoveTargetOutOfBoundsException" message="Cannot click on element
Build info: version: &amp;apos;3.8.1&amp;apos;, revision: &amp;apos;6e95a6684b&amp;apos;, time: &amp;apos;2017-12-01T18:33:54.468Z&amp;apos;
System info: host: &amp;apos;DESKTOP-B75F35K&amp;apos;, ip: &amp;apos;10.0.2.15&amp;apos;, os.name: &amp;apos;Windows 10&amp;apos;, os.arch: &amp;apos;amd64&amp;apos;, os.version: &amp;apos;10.0&amp;apos;, java.version: &amp;apos;1.8.0_171&amp;apos;
Driver info: org.openqa.selenium.ie.InternetExplorerDriver
Capabilities {acceptInsecureCerts: false, browserName: internet explorer, browserVersion: 11, javascriptEnabled: true, pageLoadStrategy: normal, platform: WINDOWS, platformName: WINDOWS, proxy: Proxy(), se:ieOptions: {browserAttachTimeout: 0, elementScrollBehavior: 0, enablePersistentHover: true, ie.browserCommandLineSwitches: , ie.ensureCleanSession: false, ie.fileUploadDialogTimeout: 3000, ie.forceCreateProcessApi: false, ignoreProtectedModeSettings: false, ignoreZoomSetting: false, initialBrowserUrl: http://localhost:20215/, nativeEvents: true, requireWindowFocus: false}, setWindowRect: true, timeouts: {implicit: 0, pageLoad: 300000, script: 30000}}
Session ID: 9233e52a-34b0-49ba-b439-e6c299393fb9">
      <![CDATA[org.openqa.selenium.interactions.MoveTargetOutOfBoundsException: Cannot click on element
Build info: version: '3.8.1', revision: '6e95a6684b', time: '2017-12-01T18:33:54.468Z'
System info: host: 'DESKTOP-B75F35K', ip: '10.0.2.15', os.name: 'Windows 10', os.arch: 'amd64', os.version: '10.0', java.version: '1.8.0_171'
Driver info: org.openqa.selenium.ie.InternetExplorerDriver
Capabilities {acceptInsecureCerts: false, browserName: internet explorer, browserVersion: 11, javascriptEnabled: true, pageLoadStrategy: normal, platform: WINDOWS, platformName: WINDOWS, proxy: Proxy(), se:ieOptions: {browserAttachTimeout: 0, elementScrollBehavior: 0, enablePersistentHover: true, ie.browserCommandLineSwitches: , ie.ensureCleanSession: false, ie.fileUploadDialogTimeout: 3000, ie.forceCreateProcessApi: false, ignoreProtectedModeSettings: false, ignoreZoomSetting: false, initialBrowserUrl: http://localhost:20215/, nativeEvents: true, requireWindowFocus: false}, setWindowRect: true, timeouts: {implicit: 0, pageLoad: 300000, script: 30000}}
Session ID: 9233e52a-34b0-49ba-b439-e6c299393fb9
at org.openqa.selenium.remote.http.W3CHttpResponseCodec.createException(W3CHttpResponseCodec.java:187)
at org.openqa.selenium.remote.http.W3CHttpResponseCodec.decode(W3CHttpResponseCodec.java:122)
at org.openqa.selenium.remote.http.W3CHttpResponseCodec.decode(W3CHttpResponseCodec.java:49)
at org.openqa.selenium.remote.HttpCommandExecutor.execute(HttpCommandExecutor.java:164)
at org.openqa.selenium.remote.service.DriverCommandExecutor.execute(DriverCommandExecutor.java:83)
at org.openqa.selenium.remote.RemoteWebDriver.execute(RemoteWebDriver.java:601)
at org.openqa.selenium.remote.RemoteWebElement.execute(RemoteWebElement.java:279)
at org.openqa.selenium.remote.RemoteWebElement.click(RemoteWebElement.java:83)
at smokeTestIE.ValidateSmokeTest.ValidateFooterLinks(ValidateSmokeTest.java:822)
... Removed 33 stack frames]]>
    </failure>
  </testcase> <!-- ValidateFooterLinks -->
  <testcase name="ValidateTrackpage" time="27.532" classname="smokeTestIE.ValidateSmokeTest"/>
  <testcase name="ValidateordersPage" time="15.375" classname="smokeTestIE.ValidateSmokeTest"/>
  <testcase name="ValidatePurchaseAnalysisPage" time="17.37" classname="smokeTestIE.ValidateSmokeTest"/>
  <testcase name="ValidatePAEmail" time="5.378" classname="smokeTestIE.ValidateSmokeTest"/>
  <testcase name="ValidateCalendarPage" time="19.718" classname="smokeTestIE.ValidateSmokeTest"/>
  <testcase name="ValidateSavedReports" time="22.438" classname="smokeTestIE.ValidateSmokeTest"/>
  <testcase name="ValidateComparePage" time="36.563" classname="smokeTestIE.ValidateSmokeTest"/>
  <testcase name="ValidateAddTofavorites" time="0.0" classname="smokeTestIE.ValidateSmokeTest">
    <ignored/>
  </testcase> <!-- ValidateAddTofavorites -->
  <testcase name="ValidateAddToCart" time="0.0" classname="smokeTestIE.ValidateSmokeTest">
    <ignored/>
  </testcase> <!-- ValidateAddToCart -->
  <testcase name="ValidateCheckoutFooterLogo" time="0.0" classname="smokeTestIE.ValidateSmokeTest">
    <ignored/>
  </testcase> <!-- ValidateCheckoutFooterLogo -->
  <testcase name="ValidateCheckoutProcess" time="0.0" classname="smokeTestIE.ValidateSmokeTest">
    <ignored/>
  </testcase> <!-- ValidateCheckoutProcess -->
  <testcase name="ValidateRemoveFromCart" time="0.0" classname="smokeTestIE.ValidateSmokeTest">
    <ignored/>
  </testcase> <!-- ValidateRemoveFromCart -->
  <testcase name="ValidateCalendarLinks" time="0.0" classname="smokeTestIE.ValidateSmokeTest">
    <ignored/>
  </testcase> <!-- ValidateCalendarLinks -->
  <testcase name="ValidateAllReportsLinks" time="0.0" classname="smokeTestIE.ValidateSmokeTest">
    <ignored/>
  </testcase> <!-- ValidateAllReportsLinks -->
  <testcase name="ValidateCheckoutHeaderLogo" time="0.0" classname="smokeTestIE.ValidateSmokeTest">
    <ignored/>
  </testcase> <!-- ValidateCheckoutHeaderLogo -->
</testsuite> <!-- ValidateSmokeTests -->
