<?xml version="1.0" encoding="UTF-8"?>
<!-- Generated by org.testng.reporters.JUnitXMLReporter -->
<testsuite hostname="DESKTOP-B75F35K" ignored="9" name="ValidateSmokeTests" tests="22" failures="0" timestamp="05 Jun 2018 10:59:41 GMT" time="530.947" errors="0">
  <testcase name="ValidateLogin" time="29.547" classname="smokeTestIE.ValidateSmokeTest"/>
  <testcase name="ValidateFavoriteIcon" time="34.339" classname="smokeTestIE.ValidateSmokeTest"/>
  <testcase name="ValidateSearching" time="21.629" classname="smokeTestIE.ValidateSmokeTest"/>
  <testcase name="ValidatePDPandAddToCart" time="30.638" classname="smokeTestIE.ValidateSmokeTest"/>
  <testcase name="ValidateRecentViewLink" time="26.203" classname="smokeTestIE.ValidateSmokeTest"/>
  <testcase name="ValidateFooterLogo" time="14.526" classname="smokeTestIE.ValidateSmokeTest"/>
  <testcase name="ValidateMyProfNavigation" time="29.864" classname="smokeTestIE.ValidateSmokeTest"/>
  <testcase name="ValidateHeaderLogo" time="13.988" classname="smokeTestIE.ValidateSmokeTest"/>
  <testcase name="ValidateStandardsCatalog" time="14.31" classname="smokeTestIE.ValidateSmokeTest"/>
  <testcase name="ValidateStandardsCatalogDetail" time="22.609" classname="smokeTestIE.ValidateSmokeTest"/>
  <testcase name="ValidateAllProduct" time="14.266" classname="smokeTestIE.ValidateSmokeTest"/>
  <testcase name="ValidateAudioCablesCategory" time="24.419" classname="smokeTestIE.ValidateSmokeTest"/>
  <testcase name="ValidateResources" time="17.817" classname="smokeTestIE.ValidateSmokeTest"/>
  <testcase name="ValidateSpecialOffer" time="17.278" classname="smokeTestIE.ValidateSmokeTest"/>
  <testcase name="ValidateCartPage" time="6.906" classname="smokeTestIE.ValidateSmokeTest"/>
  <testcase name="ValidateCheckoutProcess" time="69.313" classname="smokeTestIE.ValidateSmokeTest"/>
  <testcase name="ValidateTrackpage" time="33.047" classname="smokeTestIE.ValidateSmokeTest"/>
  <testcase name="ValidateordersPage" time="29.437" classname="smokeTestIE.ValidateSmokeTest"/>
  <testcase name="ValidatePurchaseAnalysisPage" time="22.813" classname="smokeTestIE.ValidateSmokeTest"/>
  <testcase name="ValidatePAEmail" time="3.75" classname="smokeTestIE.ValidateSmokeTest"/>
  <testcase name="ValidateCalendarPage" time="26.266" classname="smokeTestIE.ValidateSmokeTest"/>
  <testcase name="ValidateSavedReports" time="27.827" classname="smokeTestIE.ValidateSmokeTest"/>
  <testcase name="ValidateAddTofavorites" time="0.0" classname="smokeTestIE.ValidateSmokeTest">
    <ignored/>
  </testcase> <!-- ValidateAddTofavorites -->
  <testcase name="ValidateAddToCart" time="0.0" classname="smokeTestIE.ValidateSmokeTest">
    <ignored/>
  </testcase> <!-- ValidateAddToCart -->
  <testcase name="ValidateCheckoutFooterLogo" time="0.0" classname="smokeTestIE.ValidateSmokeTest">
    <ignored/>
  </testcase> <!-- ValidateCheckoutFooterLogo -->
  <testcase name="ValidateComparePage" time="0.0" classname="smokeTestIE.ValidateSmokeTest">
    <ignored/>
  </testcase> <!-- ValidateComparePage -->
  <testcase name="ValidateRemoveFromCart" time="0.0" classname="smokeTestIE.ValidateSmokeTest">
    <ignored/>
  </testcase> <!-- ValidateRemoveFromCart -->
  <testcase name="ValidateCalendarLinks" time="0.0" classname="smokeTestIE.ValidateSmokeTest">
    <ignored/>
  </testcase> <!-- ValidateCalendarLinks -->
  <testcase name="ValidateFooterLinks" time="0.0" classname="smokeTestIE.ValidateSmokeTest">
    <ignored/>
  </testcase> <!-- ValidateFooterLinks -->
  <testcase name="ValidateAllReportsLinks" time="0.0" classname="smokeTestIE.ValidateSmokeTest">
    <ignored/>
  </testcase> <!-- ValidateAllReportsLinks -->
  <testcase name="ValidateCheckoutHeaderLogo" time="0.0" classname="smokeTestIE.ValidateSmokeTest">
    <ignored/>
  </testcase> <!-- ValidateCheckoutHeaderLogo -->
</testsuite> <!-- ValidateSmokeTests -->
