<?xml version="1.0" encoding="UTF-8"?>
<!-- Generated by org.testng.reporters.JUnitXMLReporter -->
<testsuite hostname="DESKTOP-B75F35K" ignored="8" name="ValidateSmokeTests" tests="15" failures="15" timestamp="17 May 2018 09:34:53 GMT" time="665.583" errors="0">
  <testcase name="@AfterTest closebrowser" time="0.0" classname="smokeTestIE.ValidateSmokeTest">
    <failure type="java.lang.NullPointerException">
      <![CDATA[java.lang.NullPointerException
at smokeTestIE.ValidateSmokeTest.closebrowser(ValidateSmokeTest.java:1417)
... Removed 28 stack frames]]>
    </failure>
  </testcase> <!-- @AfterTest closebrowser -->
  <testcase name="ValidateLogin" time="304.02" classname="smokeTestIE.ValidateSmokeTest">
    <failure type="org.openqa.selenium.TimeoutException" message="Timed out waiting for page to load.
Build info: version: &amp;apos;3.8.1&amp;apos;, revision: &amp;apos;6e95a6684b&amp;apos;, time: &amp;apos;2017-12-01T18:33:54.468Z&amp;apos;
System info: host: &amp;apos;DESKTOP-B75F35K&amp;apos;, ip: &amp;apos;10.0.2.15&amp;apos;, os.name: &amp;apos;Windows 10&amp;apos;, os.arch: &amp;apos;amd64&amp;apos;, os.version: &amp;apos;10.0&amp;apos;, java.version: &amp;apos;1.8.0_171&amp;apos;
Driver info: org.openqa.selenium.ie.InternetExplorerDriver
Capabilities {acceptInsecureCerts: false, browserName: internet explorer, browserVersion: 11, javascriptEnabled: true, pageLoadStrategy: normal, platform: WINDOWS, platformName: WINDOWS, proxy: Proxy(), se:ieOptions: {browserAttachTimeout: 0, elementScrollBehavior: 0, enablePersistentHover: true, ie.browserCommandLineSwitches: , ie.ensureCleanSession: false, ie.fileUploadDialogTimeout: 3000, ie.forceCreateProcessApi: false, ignoreProtectedModeSettings: false, ignoreZoomSetting: false, initialBrowserUrl: http://localhost:24764/, nativeEvents: true, requireWindowFocus: false}, setWindowRect: true, timeouts: {implicit: 0, pageLoad: 300000, script: 30000}}
Session ID: dc8497dc-231c-46f1-aa86-c5297dd51835">
      <![CDATA[org.openqa.selenium.TimeoutException: Timed out waiting for page to load.
Build info: version: '3.8.1', revision: '6e95a6684b', time: '2017-12-01T18:33:54.468Z'
System info: host: 'DESKTOP-B75F35K', ip: '10.0.2.15', os.name: 'Windows 10', os.arch: 'amd64', os.version: '10.0', java.version: '1.8.0_171'
Driver info: org.openqa.selenium.ie.InternetExplorerDriver
Capabilities {acceptInsecureCerts: false, browserName: internet explorer, browserVersion: 11, javascriptEnabled: true, pageLoadStrategy: normal, platform: WINDOWS, platformName: WINDOWS, proxy: Proxy(), se:ieOptions: {browserAttachTimeout: 0, elementScrollBehavior: 0, enablePersistentHover: true, ie.browserCommandLineSwitches: , ie.ensureCleanSession: false, ie.fileUploadDialogTimeout: 3000, ie.forceCreateProcessApi: false, ignoreProtectedModeSettings: false, ignoreZoomSetting: false, initialBrowserUrl: http://localhost:24764/, nativeEvents: true, requireWindowFocus: false}, setWindowRect: true, timeouts: {implicit: 0, pageLoad: 300000, script: 30000}}
Session ID: dc8497dc-231c-46f1-aa86-c5297dd51835
at org.openqa.selenium.remote.http.W3CHttpResponseCodec.createException(W3CHttpResponseCodec.java:187)
at org.openqa.selenium.remote.http.W3CHttpResponseCodec.decode(W3CHttpResponseCodec.java:122)
at org.openqa.selenium.remote.http.W3CHttpResponseCodec.decode(W3CHttpResponseCodec.java:49)
at org.openqa.selenium.remote.HttpCommandExecutor.execute(HttpCommandExecutor.java:164)
at org.openqa.selenium.remote.service.DriverCommandExecutor.execute(DriverCommandExecutor.java:83)
at org.openqa.selenium.remote.RemoteWebDriver.execute(RemoteWebDriver.java:601)
at org.openqa.selenium.remote.RemoteWebDriver.get(RemoteWebDriver.java:325)
at resources.base.initializeDriver(base.java:68)
at smokeTestIE.ValidateSmokeTest.ValidateLogin(ValidateSmokeTest.java:54)
... Removed 33 stack frames]]>
    </failure>
  </testcase> <!-- ValidateLogin -->
  <testcase name="ValidateFavoriteIcon" time="0.007" classname="smokeTestIE.ValidateSmokeTest">
    <failure type="java.lang.NullPointerException">
      <![CDATA[java.lang.NullPointerException
at com.google.common.base.Preconditions.checkNotNull(Preconditions.java:787)
at org.openqa.selenium.support.ui.FluentWait.<init>(FluentWait.java:96)
at org.openqa.selenium.support.ui.WebDriverWait.<init>(WebDriverWait.java:72)
at org.openqa.selenium.support.ui.WebDriverWait.<init>(WebDriverWait.java:46)
at smokeTestIE.ValidateSmokeTest.ValidateFavoriteIcon(ValidateSmokeTest.java:77)
... Removed 29 stack frames]]>
    </failure>
  </testcase> <!-- ValidateFavoriteIcon -->
  <testcase name="ValidateSearching" time="0.0" classname="smokeTestIE.ValidateSmokeTest">
    <failure type="java.lang.NullPointerException">
      <![CDATA[java.lang.NullPointerException
at com.google.common.base.Preconditions.checkNotNull(Preconditions.java:787)
at org.openqa.selenium.support.ui.FluentWait.<init>(FluentWait.java:96)
at org.openqa.selenium.support.ui.WebDriverWait.<init>(WebDriverWait.java:72)
at org.openqa.selenium.support.ui.WebDriverWait.<init>(WebDriverWait.java:46)
at smokeTestIE.ValidateSmokeTest.ValidateSearching(ValidateSmokeTest.java:139)
... Removed 29 stack frames]]>
    </failure>
  </testcase> <!-- ValidateSearching -->
  <testcase name="ValidatePDPandAddToCart" time="5.009" classname="smokeTestIE.ValidateSmokeTest">
    <failure type="java.lang.NullPointerException">
      <![CDATA[java.lang.NullPointerException
at com.google.common.base.Preconditions.checkNotNull(Preconditions.java:787)
at org.openqa.selenium.support.ui.FluentWait.<init>(FluentWait.java:96)
at org.openqa.selenium.support.ui.WebDriverWait.<init>(WebDriverWait.java:72)
at org.openqa.selenium.support.ui.WebDriverWait.<init>(WebDriverWait.java:46)
at smokeTestIE.ValidateSmokeTest.ValidatePDPandAddToCart(ValidateSmokeTest.java:334)
... Removed 29 stack frames]]>
    </failure>
  </testcase> <!-- ValidatePDPandAddToCart -->
  <testcase name="ValidateRecentViewLink" time="0.0" classname="smokeTestIE.ValidateSmokeTest">
    <failure type="java.lang.NullPointerException">
      <![CDATA[java.lang.NullPointerException
at pageObjects.FavouritePage.getRecentlyViewed(FavouritePage.java:58)
at smokeTestIE.ValidateSmokeTest.ValidateRecentViewLink(ValidateSmokeTest.java:363)
... Removed 29 stack frames]]>
    </failure>
  </testcase> <!-- ValidateRecentViewLink -->
  <testcase name="ValidateFooterLogo" time="0.0" classname="smokeTestIE.ValidateSmokeTest">
    <failure type="java.lang.NullPointerException">
      <![CDATA[java.lang.NullPointerException
at pageObjects.Footer.getFootLogo(Footer.java:94)
at smokeTestIE.ValidateSmokeTest.ValidateFooterLogo(ValidateSmokeTest.java:384)
... Removed 29 stack frames]]>
    </failure>
  </testcase> <!-- ValidateFooterLogo -->
  <testcase name="ValidateMyProfNavigation" time="0.0" classname="smokeTestIE.ValidateSmokeTest">
    <failure type="java.lang.NullPointerException">
      <![CDATA[java.lang.NullPointerException
at com.google.common.base.Preconditions.checkNotNull(Preconditions.java:787)
at org.openqa.selenium.support.ui.FluentWait.<init>(FluentWait.java:96)
at org.openqa.selenium.support.ui.WebDriverWait.<init>(WebDriverWait.java:72)
at org.openqa.selenium.support.ui.WebDriverWait.<init>(WebDriverWait.java:46)
at smokeTestIE.ValidateSmokeTest.ValidateMyProfNavigation(ValidateSmokeTest.java:401)
... Removed 29 stack frames]]>
    </failure>
  </testcase> <!-- ValidateMyProfNavigation -->
  <testcase name="ValidateHeaderLogo" time="0.0" classname="smokeTestIE.ValidateSmokeTest">
    <failure type="java.lang.NullPointerException">
      <![CDATA[java.lang.NullPointerException
at pageObjects.Header.getHeadLogo(Header.java:81)
at smokeTestIE.ValidateSmokeTest.ValidateHeaderLogo(ValidateSmokeTest.java:445)
... Removed 29 stack frames]]>
    </failure>
  </testcase> <!-- ValidateHeaderLogo -->
  <testcase name="ValidateStandardsCatalog" time="0.0" classname="smokeTestIE.ValidateSmokeTest">
    <failure type="java.lang.NullPointerException">
      <![CDATA[java.lang.NullPointerException
at pageObjects.Header.getStanCatalogLink(Header.java:132)
at smokeTestIE.ValidateSmokeTest.ValidateStandardsCatalog(ValidateSmokeTest.java:464)
... Removed 29 stack frames]]>
    </failure>
  </testcase> <!-- ValidateStandardsCatalog -->
  <testcase name="ValidateStandardsCatalogDetail" time="0.0" classname="smokeTestIE.ValidateSmokeTest">
    <failure type="java.lang.NullPointerException">
      <![CDATA[java.lang.NullPointerException
at com.google.common.base.Preconditions.checkNotNull(Preconditions.java:787)
at org.openqa.selenium.support.ui.FluentWait.<init>(FluentWait.java:96)
at org.openqa.selenium.support.ui.WebDriverWait.<init>(WebDriverWait.java:72)
at org.openqa.selenium.support.ui.WebDriverWait.<init>(WebDriverWait.java:46)
at smokeTestIE.ValidateSmokeTest.ValidateStandardsCatalogDetail(ValidateSmokeTest.java:483)
... Removed 29 stack frames]]>
    </failure>
  </testcase> <!-- ValidateStandardsCatalogDetail -->
  <testcase name="ValidateAllProduct" time="0.0" classname="smokeTestIE.ValidateSmokeTest">
    <failure type="java.lang.NullPointerException">
      <![CDATA[java.lang.NullPointerException
at pageObjects.Header.getAllProductLink(Header.java:138)
at smokeTestIE.ValidateSmokeTest.ValidateAllProduct(ValidateSmokeTest.java:524)
... Removed 29 stack frames]]>
    </failure>
  </testcase> <!-- ValidateAllProduct -->
  <testcase name="ValidateAudioCablesCategory" time="4.006" classname="smokeTestIE.ValidateSmokeTest">
    <failure type="java.lang.NullPointerException">
      <![CDATA[java.lang.NullPointerException
at pageObjects.AllProducts.getAudioCablesFF(AllProducts.java:29)
at smokeTestIE.ValidateSmokeTest.ValidateAudioCablesCategory(ValidateSmokeTest.java:548)
... Removed 29 stack frames]]>
    </failure>
  </testcase> <!-- ValidateAudioCablesCategory -->
  <testcase name="ValidateResources" time="0.001" classname="smokeTestIE.ValidateSmokeTest">
    <failure type="java.lang.NullPointerException">
      <![CDATA[java.lang.NullPointerException
at pageObjects.Header.getResources(Header.java:145)
at smokeTestIE.ValidateSmokeTest.ValidateResources(ValidateSmokeTest.java:568)
... Removed 29 stack frames]]>
    </failure>
  </testcase> <!-- ValidateResources -->
  <testcase name="ValidateSpecialOffer" time="0.0" classname="smokeTestIE.ValidateSmokeTest">
    <failure type="java.lang.NullPointerException">
      <![CDATA[java.lang.NullPointerException
at pageObjects.Header.getSpecialOffers(Header.java:151)
at smokeTestIE.ValidateSmokeTest.ValidateSpecialOffer(ValidateSmokeTest.java:587)
... Removed 29 stack frames]]>
    </failure>
  </testcase> <!-- ValidateSpecialOffer -->
  <testcase name="ValidateSpecialOffer" time="0.07" classname="smokeTestIE.ValidateSmokeTest">
    <failure type="org.openqa.selenium.NoSuchWindowException" message="Unable to get browser
Build info: version: &amp;apos;3.8.1&amp;apos;, revision: &amp;apos;6e95a6684b&amp;apos;, time: &amp;apos;2017-12-01T18:33:54.468Z&amp;apos;
System info: host: &amp;apos;DESKTOP-B75F35K&amp;apos;, ip: &amp;apos;10.0.2.15&amp;apos;, os.name: &amp;apos;Windows 10&amp;apos;, os.arch: &amp;apos;amd64&amp;apos;, os.version: &amp;apos;10.0&amp;apos;, java.version: &amp;apos;1.8.0_171&amp;apos;
Driver info: org.openqa.selenium.ie.InternetExplorerDriver
Capabilities {acceptInsecureCerts: false, browserName: internet explorer, browserVersion: 11, javascriptEnabled: true, pageLoadStrategy: normal, platform: WINDOWS, platformName: WINDOWS, proxy: Proxy(), se:ieOptions: {browserAttachTimeout: 0, elementScrollBehavior: 0, enablePersistentHover: true, ie.browserCommandLineSwitches: , ie.ensureCleanSession: false, ie.fileUploadDialogTimeout: 3000, ie.forceCreateProcessApi: false, ignoreProtectedModeSettings: false, ignoreZoomSetting: false, initialBrowserUrl: http://localhost:24764/, nativeEvents: true, requireWindowFocus: false}, setWindowRect: true, timeouts: {implicit: 0, pageLoad: 300000, script: 30000}}
Session ID: dc8497dc-231c-46f1-aa86-c5297dd51835">
      <![CDATA[org.openqa.selenium.NoSuchWindowException: Unable to get browser
Build info: version: '3.8.1', revision: '6e95a6684b', time: '2017-12-01T18:33:54.468Z'
System info: host: 'DESKTOP-B75F35K', ip: '10.0.2.15', os.name: 'Windows 10', os.arch: 'amd64', os.version: '10.0', java.version: '1.8.0_171'
Driver info: org.openqa.selenium.ie.InternetExplorerDriver
Capabilities {acceptInsecureCerts: false, browserName: internet explorer, browserVersion: 11, javascriptEnabled: true, pageLoadStrategy: normal, platform: WINDOWS, platformName: WINDOWS, proxy: Proxy(), se:ieOptions: {browserAttachTimeout: 0, elementScrollBehavior: 0, enablePersistentHover: true, ie.browserCommandLineSwitches: , ie.ensureCleanSession: false, ie.fileUploadDialogTimeout: 3000, ie.forceCreateProcessApi: false, ignoreProtectedModeSettings: false, ignoreZoomSetting: false, initialBrowserUrl: http://localhost:24764/, nativeEvents: true, requireWindowFocus: false}, setWindowRect: true, timeouts: {implicit: 0, pageLoad: 300000, script: 30000}}
Session ID: dc8497dc-231c-46f1-aa86-c5297dd51835
at org.openqa.selenium.remote.http.W3CHttpResponseCodec.createException(W3CHttpResponseCodec.java:187)
at org.openqa.selenium.remote.http.W3CHttpResponseCodec.decode(W3CHttpResponseCodec.java:122)
at org.openqa.selenium.remote.http.W3CHttpResponseCodec.decode(W3CHttpResponseCodec.java:49)
at org.openqa.selenium.remote.HttpCommandExecutor.execute(HttpCommandExecutor.java:164)
at org.openqa.selenium.remote.service.DriverCommandExecutor.execute(DriverCommandExecutor.java:83)
at org.openqa.selenium.remote.RemoteWebDriver.execute(RemoteWebDriver.java:601)
at org.openqa.selenium.remote.RemoteWebDriver.execute(RemoteWebDriver.java:658)
at org.openqa.selenium.ie.InternetExplorerDriver.getScreenshotAs(InternetExplorerDriver.java:235)
at resources.base.getScreenshot(base.java:121)
at Package1.listeners.onTestFailure(listeners.java:28)
... Removed 30 stack frames]]>
    </failure>
  </testcase> <!-- ValidateSpecialOffer -->
  <testcase name="ValidateAddTofavorites" time="0.0" classname="smokeTestIE.ValidateSmokeTest">
    <ignored/>
  </testcase> <!-- ValidateAddTofavorites -->
  <testcase name="ValidateAddToCart" time="0.0" classname="smokeTestIE.ValidateSmokeTest">
    <ignored/>
  </testcase> <!-- ValidateAddToCart -->
  <testcase name="ValidateCheckoutFooterLogo" time="0.0" classname="smokeTestIE.ValidateSmokeTest">
    <ignored/>
  </testcase> <!-- ValidateCheckoutFooterLogo -->
  <testcase name="ValidateComparePage" time="0.0" classname="smokeTestIE.ValidateSmokeTest">
    <ignored/>
  </testcase> <!-- ValidateComparePage -->
  <testcase name="ValidateRemoveFromCart" time="0.0" classname="smokeTestIE.ValidateSmokeTest">
    <ignored/>
  </testcase> <!-- ValidateRemoveFromCart -->
  <testcase name="ValidateCalendarLinks" time="0.0" classname="smokeTestIE.ValidateSmokeTest">
    <ignored/>
  </testcase> <!-- ValidateCalendarLinks -->
  <testcase name="ValidateAllReportsLinks" time="0.0" classname="smokeTestIE.ValidateSmokeTest">
    <ignored/>
  </testcase> <!-- ValidateAllReportsLinks -->
  <testcase name="ValidateCheckoutHeaderLogo" time="0.0" classname="smokeTestIE.ValidateSmokeTest">
    <ignored/>
  </testcase> <!-- ValidateCheckoutHeaderLogo -->
</testsuite> <!-- ValidateSmokeTests -->
