<?xml version="1.0" encoding="UTF-8"?>
<!-- Generated by org.testng.reporters.JUnitXMLReporter -->
<testsuite hostname="DESKTOP-B75F35K" ignored="9" name="ValidateSmokeTests" tests="22" failures="0" timestamp="17 May 2018 07:35:31 GMT" time="461.435" errors="0">
  <testcase name="ValidateLogin" time="30.901" classname="smokeTestIE.ValidateSmokeTest"/>
  <testcase name="ValidateFavoriteIcon" time="34.485" classname="smokeTestIE.ValidateSmokeTest"/>
  <testcase name="ValidateSearching" time="21.406" classname="smokeTestIE.ValidateSmokeTest"/>
  <testcase name="ValidatePDPandAddToCart" time="29.062" classname="smokeTestIE.ValidateSmokeTest"/>
  <testcase name="ValidateRecentViewLink" time="24.813" classname="smokeTestIE.ValidateSmokeTest"/>
  <testcase name="ValidateFooterLogo" time="3.015" classname="smokeTestIE.ValidateSmokeTest"/>
  <testcase name="ValidateMyProfNavigation" time="24.579" classname="smokeTestIE.ValidateSmokeTest"/>
  <testcase name="ValidateHeaderLogo" time="12.593" classname="smokeTestIE.ValidateSmokeTest"/>
  <testcase name="ValidateStandardsCatalog" time="11.301" classname="smokeTestIE.ValidateSmokeTest"/>
  <testcase name="ValidateStandardsCatalogDetail" time="21.933" classname="smokeTestIE.ValidateSmokeTest"/>
  <testcase name="ValidateAllProduct" time="14.078" classname="smokeTestIE.ValidateSmokeTest"/>
  <testcase name="ValidateAudioCablesCategory" time="24.172" classname="smokeTestIE.ValidateSmokeTest"/>
  <testcase name="ValidateResources" time="16.482" classname="smokeTestIE.ValidateSmokeTest"/>
  <testcase name="ValidateSpecialOffer" time="16.916" classname="smokeTestIE.ValidateSmokeTest"/>
  <testcase name="ValidateCartPage" time="6.586" classname="smokeTestIE.ValidateSmokeTest"/>
  <testcase name="ValidateFooterLinks" time="56.544" classname="smokeTestIE.ValidateSmokeTest"/>
  <testcase name="ValidateTrackpage" time="24.703" classname="smokeTestIE.ValidateSmokeTest"/>
  <testcase name="ValidateordersPage" time="18.516" classname="smokeTestIE.ValidateSmokeTest"/>
  <testcase name="ValidatePurchaseAnalysisPage" time="25.547" classname="smokeTestIE.ValidateSmokeTest"/>
  <testcase name="ValidatePAEmail" time="3.078" classname="smokeTestIE.ValidateSmokeTest"/>
  <testcase name="ValidateCalendarPage" time="17.891" classname="smokeTestIE.ValidateSmokeTest"/>
  <testcase name="ValidateSavedReports" time="22.689" classname="smokeTestIE.ValidateSmokeTest"/>
  <testcase name="ValidateAddTofavorites" time="0.0" classname="smokeTestIE.ValidateSmokeTest">
    <ignored/>
  </testcase> <!-- ValidateAddTofavorites -->
  <testcase name="ValidateAddToCart" time="0.0" classname="smokeTestIE.ValidateSmokeTest">
    <ignored/>
  </testcase> <!-- ValidateAddToCart -->
  <testcase name="ValidateCheckoutFooterLogo" time="0.0" classname="smokeTestIE.ValidateSmokeTest">
    <ignored/>
  </testcase> <!-- ValidateCheckoutFooterLogo -->
  <testcase name="ValidateCheckoutProcess" time="0.0" classname="smokeTestIE.ValidateSmokeTest">
    <ignored/>
  </testcase> <!-- ValidateCheckoutProcess -->
  <testcase name="ValidateComparePage" time="0.0" classname="smokeTestIE.ValidateSmokeTest">
    <ignored/>
  </testcase> <!-- ValidateComparePage -->
  <testcase name="ValidateRemoveFromCart" time="0.0" classname="smokeTestIE.ValidateSmokeTest">
    <ignored/>
  </testcase> <!-- ValidateRemoveFromCart -->
  <testcase name="ValidateCalendarLinks" time="0.0" classname="smokeTestIE.ValidateSmokeTest">
    <ignored/>
  </testcase> <!-- ValidateCalendarLinks -->
  <testcase name="ValidateAllReportsLinks" time="0.0" classname="smokeTestIE.ValidateSmokeTest">
    <ignored/>
  </testcase> <!-- ValidateAllReportsLinks -->
  <testcase name="ValidateCheckoutHeaderLogo" time="0.0" classname="smokeTestIE.ValidateSmokeTest">
    <ignored/>
  </testcase> <!-- ValidateCheckoutHeaderLogo -->
</testsuite> <!-- ValidateSmokeTests -->
