<?xml version="1.0" encoding="UTF-8"?>
<!-- Generated by org.testng.reporters.JUnitXMLReporter -->
<testsuite ignored="8" hostname="DESKTOP-GAH683G" failures="23" tests="23" name="ValidateSmokeTests" time="487.088" errors="0" timestamp="02 May 2018 10:13:40 GMT">
  <testcase classname="smokeTestIE.ValidateSmokeTest" name="@AfterTest closebrowser" time="0.001">
    <failure type="java.lang.NullPointerException">
      <![CDATA[java.lang.NullPointerException
at smokeTestIE.ValidateSmokeTest.closebrowser(ValidateSmokeTest.java:1407)
... Removed 28 stack frames]]>
    </failure>
  </testcase> <!-- @AfterTest closebrowser -->
  <testcase classname="smokeTestIE.ValidateSmokeTest" name="ValidateLogin" time="3.066">
    <failure type="org.openqa.selenium.WebDriverException" message="Failed to navigate to http://markitplace-qa.arpatech.com/auth/login-form. This usually means that a call to the COM method IWebBrowser2::Navigate2() failed.
Build info: version: &amp;apos;3.11.0&amp;apos;, revision: &amp;apos;e59cfb3&amp;apos;, time: &amp;apos;2018-03-11T20:26:55.152Z&amp;apos;
System info: host: &amp;apos;DESKTOP-GAH683G&amp;apos;, ip: &amp;apos;10.0.2.15&amp;apos;, os.name: &amp;apos;Windows 10&amp;apos;, os.arch: &amp;apos;amd64&amp;apos;, os.version: &amp;apos;10.0&amp;apos;, java.version: &amp;apos;9.0.1&amp;apos;
Driver info: org.openqa.selenium.ie.InternetExplorerDriver
Capabilities {acceptInsecureCerts: false, browserName: internet explorer, browserVersion: 11, javascriptEnabled: true, pageLoadStrategy: normal, platform: WINDOWS, platformName: WINDOWS, proxy: Proxy(), se:ieOptions: {browserAttachTimeout: 0, elementScrollBehavior: 0, enablePersistentHover: true, ie.browserCommandLineSwitches: , ie.ensureCleanSession: false, ie.fileUploadDialogTimeout: 3000, ie.forceCreateProcessApi: false, ignoreProtectedModeSettings: false, ignoreZoomSetting: false, initialBrowserUrl: http://localhost:2827/, nativeEvents: true, requireWindowFocus: false}, setWindowRect: true, timeouts: {implicit: 0, pageLoad: 300000, script: 30000}}
Session ID: d4bb5b90-e083-40ba-9523-0d60e8deaf79">
      <![CDATA[org.openqa.selenium.WebDriverException: Failed to navigate to http://markitplace-qa.arpatech.com/auth/login-form. This usually means that a call to the COM method IWebBrowser2::Navigate2() failed.
Build info: version: '3.11.0', revision: 'e59cfb3', time: '2018-03-11T20:26:55.152Z'
System info: host: 'DESKTOP-GAH683G', ip: '10.0.2.15', os.name: 'Windows 10', os.arch: 'amd64', os.version: '10.0', java.version: '9.0.1'
Driver info: org.openqa.selenium.ie.InternetExplorerDriver
Capabilities {acceptInsecureCerts: false, browserName: internet explorer, browserVersion: 11, javascriptEnabled: true, pageLoadStrategy: normal, platform: WINDOWS, platformName: WINDOWS, proxy: Proxy(), se:ieOptions: {browserAttachTimeout: 0, elementScrollBehavior: 0, enablePersistentHover: true, ie.browserCommandLineSwitches: , ie.ensureCleanSession: false, ie.fileUploadDialogTimeout: 3000, ie.forceCreateProcessApi: false, ignoreProtectedModeSettings: false, ignoreZoomSetting: false, initialBrowserUrl: http://localhost:2827/, nativeEvents: true, requireWindowFocus: false}, setWindowRect: true, timeouts: {implicit: 0, pageLoad: 300000, script: 30000}}
Session ID: d4bb5b90-e083-40ba-9523-0d60e8deaf79
at org.openqa.selenium.remote.http.W3CHttpResponseCodec.createException(W3CHttpResponseCodec.java:187)
at org.openqa.selenium.remote.http.W3CHttpResponseCodec.decode(W3CHttpResponseCodec.java:122)
at org.openqa.selenium.remote.http.W3CHttpResponseCodec.decode(W3CHttpResponseCodec.java:49)
at org.openqa.selenium.remote.HttpCommandExecutor.execute(HttpCommandExecutor.java:158)
at org.openqa.selenium.remote.service.DriverCommandExecutor.execute(DriverCommandExecutor.java:83)
at org.openqa.selenium.remote.RemoteWebDriver.execute(RemoteWebDriver.java:545)
at org.openqa.selenium.remote.RemoteWebDriver.get(RemoteWebDriver.java:273)
at resources.base.initializeDriver(base.java:68)
at smokeTestIE.ValidateSmokeTest.ValidateLogin(ValidateSmokeTest.java:53)
... Removed 33 stack frames]]>
    </failure>
  </testcase> <!-- ValidateLogin -->
  <testcase classname="smokeTestIE.ValidateSmokeTest" name="ValidateFavoriteIcon" time="0.004">
    <failure type="java.lang.NullPointerException">
      <![CDATA[java.lang.NullPointerException
at com.google.common.base.Preconditions.checkNotNull(Preconditions.java:882)
at org.openqa.selenium.support.ui.FluentWait.<init>(FluentWait.java:104)
at org.openqa.selenium.support.ui.WebDriverWait.<init>(WebDriverWait.java:71)
at org.openqa.selenium.support.ui.WebDriverWait.<init>(WebDriverWait.java:45)
at smokeTestIE.ValidateSmokeTest.ValidateFavoriteIcon(ValidateSmokeTest.java:76)
... Removed 29 stack frames]]>
    </failure>
  </testcase> <!-- ValidateFavoriteIcon -->
  <testcase classname="smokeTestIE.ValidateSmokeTest" name="ValidateSearching" time="0.001">
    <failure type="java.lang.NullPointerException">
      <![CDATA[java.lang.NullPointerException
at com.google.common.base.Preconditions.checkNotNull(Preconditions.java:882)
at org.openqa.selenium.support.ui.FluentWait.<init>(FluentWait.java:104)
at org.openqa.selenium.support.ui.WebDriverWait.<init>(WebDriverWait.java:71)
at org.openqa.selenium.support.ui.WebDriverWait.<init>(WebDriverWait.java:45)
at smokeTestIE.ValidateSmokeTest.ValidateSearching(ValidateSmokeTest.java:138)
... Removed 29 stack frames]]>
    </failure>
  </testcase> <!-- ValidateSearching -->
  <testcase classname="smokeTestIE.ValidateSmokeTest" name="ValidatePDP" time="5.002">
    <failure type="java.lang.NullPointerException">
      <![CDATA[java.lang.NullPointerException
at com.google.common.base.Preconditions.checkNotNull(Preconditions.java:882)
at org.openqa.selenium.support.ui.FluentWait.<init>(FluentWait.java:104)
at org.openqa.selenium.support.ui.WebDriverWait.<init>(WebDriverWait.java:71)
at org.openqa.selenium.support.ui.WebDriverWait.<init>(WebDriverWait.java:45)
at smokeTestIE.ValidateSmokeTest.ValidatePDP(ValidateSmokeTest.java:333)
... Removed 29 stack frames]]>
    </failure>
  </testcase> <!-- ValidatePDP -->
  <testcase classname="smokeTestIE.ValidateSmokeTest" name="ValidateRecentViewLink" time="0.001">
    <failure type="java.lang.NullPointerException">
      <![CDATA[java.lang.NullPointerException
at pageObjects.FavouritePage.getRecentlyViewed(FavouritePage.java:58)
at smokeTestIE.ValidateSmokeTest.ValidateRecentViewLink(ValidateSmokeTest.java:359)
... Removed 29 stack frames]]>
    </failure>
  </testcase> <!-- ValidateRecentViewLink -->
  <testcase classname="smokeTestIE.ValidateSmokeTest" name="ValidateFooterLogo" time="0.001">
    <failure type="java.lang.NullPointerException">
      <![CDATA[java.lang.NullPointerException
at pageObjects.Footer.getFootLogo(Footer.java:94)
at smokeTestIE.ValidateSmokeTest.ValidateFooterLogo(ValidateSmokeTest.java:380)
... Removed 29 stack frames]]>
    </failure>
  </testcase> <!-- ValidateFooterLogo -->
  <testcase classname="smokeTestIE.ValidateSmokeTest" name="ValidateMyProfNavigation" time="0.0">
    <failure type="java.lang.NullPointerException">
      <![CDATA[java.lang.NullPointerException
at com.google.common.base.Preconditions.checkNotNull(Preconditions.java:882)
at org.openqa.selenium.support.ui.FluentWait.<init>(FluentWait.java:104)
at org.openqa.selenium.support.ui.WebDriverWait.<init>(WebDriverWait.java:71)
at org.openqa.selenium.support.ui.WebDriverWait.<init>(WebDriverWait.java:45)
at smokeTestIE.ValidateSmokeTest.ValidateMyProfNavigation(ValidateSmokeTest.java:397)
... Removed 29 stack frames]]>
    </failure>
  </testcase> <!-- ValidateMyProfNavigation -->
  <testcase classname="smokeTestIE.ValidateSmokeTest" name="ValidateHeaderLogo" time="0.0">
    <failure type="java.lang.NullPointerException">
      <![CDATA[java.lang.NullPointerException
at pageObjects.Header.getHeadLogo(Header.java:81)
at smokeTestIE.ValidateSmokeTest.ValidateHeaderLogo(ValidateSmokeTest.java:441)
... Removed 29 stack frames]]>
    </failure>
  </testcase> <!-- ValidateHeaderLogo -->
  <testcase classname="smokeTestIE.ValidateSmokeTest" name="ValidateStandardsCatalog" time="0.0">
    <failure type="java.lang.NullPointerException">
      <![CDATA[java.lang.NullPointerException
at pageObjects.Header.getStanCatalogLink(Header.java:132)
at smokeTestIE.ValidateSmokeTest.ValidateStandardsCatalog(ValidateSmokeTest.java:460)
... Removed 29 stack frames]]>
    </failure>
  </testcase> <!-- ValidateStandardsCatalog -->
  <testcase classname="smokeTestIE.ValidateSmokeTest" name="ValidateStandardsCatalogDetail" time="0.0">
    <failure type="java.lang.NullPointerException">
      <![CDATA[java.lang.NullPointerException
at com.google.common.base.Preconditions.checkNotNull(Preconditions.java:882)
at org.openqa.selenium.support.ui.FluentWait.<init>(FluentWait.java:104)
at org.openqa.selenium.support.ui.WebDriverWait.<init>(WebDriverWait.java:71)
at org.openqa.selenium.support.ui.WebDriverWait.<init>(WebDriverWait.java:45)
at smokeTestIE.ValidateSmokeTest.ValidateStandardsCatalogDetail(ValidateSmokeTest.java:479)
... Removed 29 stack frames]]>
    </failure>
  </testcase> <!-- ValidateStandardsCatalogDetail -->
  <testcase classname="smokeTestIE.ValidateSmokeTest" name="ValidateAllProduct" time="0.0">
    <failure type="java.lang.NullPointerException">
      <![CDATA[java.lang.NullPointerException
at pageObjects.Header.getAllProductLink(Header.java:138)
at smokeTestIE.ValidateSmokeTest.ValidateAllProduct(ValidateSmokeTest.java:516)
... Removed 29 stack frames]]>
    </failure>
  </testcase> <!-- ValidateAllProduct -->
  <testcase classname="smokeTestIE.ValidateSmokeTest" name="ValidateAudioCablesCategory" time="4.002">
    <failure type="java.lang.NullPointerException">
      <![CDATA[java.lang.NullPointerException
at pageObjects.AllProducts.getAudioCablesFF(AllProducts.java:29)
at smokeTestIE.ValidateSmokeTest.ValidateAudioCablesCategory(ValidateSmokeTest.java:540)
... Removed 29 stack frames]]>
    </failure>
  </testcase> <!-- ValidateAudioCablesCategory -->
  <testcase classname="smokeTestIE.ValidateSmokeTest" name="ValidateResources" time="0.0">
    <failure type="java.lang.NullPointerException">
      <![CDATA[java.lang.NullPointerException
at pageObjects.Header.getResources(Header.java:145)
at smokeTestIE.ValidateSmokeTest.ValidateResources(ValidateSmokeTest.java:560)
... Removed 29 stack frames]]>
    </failure>
  </testcase> <!-- ValidateResources -->
  <testcase classname="smokeTestIE.ValidateSmokeTest" name="ValidateSpecialOffer" time="0.0">
    <failure type="java.lang.NullPointerException">
      <![CDATA[java.lang.NullPointerException
at pageObjects.Header.getSpecialOffers(Header.java:151)
at smokeTestIE.ValidateSmokeTest.ValidateSpecialOffer(ValidateSmokeTest.java:579)
... Removed 29 stack frames]]>
    </failure>
  </testcase> <!-- ValidateSpecialOffer -->
  <testcase classname="smokeTestIE.ValidateSmokeTest" name="ValidateCartPage" time="0.001">
    <failure type="java.lang.NullPointerException">
      <![CDATA[java.lang.NullPointerException
at pageObjects.Header.getCartIcon(Header.java:111)
at smokeTestIE.ValidateSmokeTest.ValidateCartPage(ValidateSmokeTest.java:597)
... Removed 29 stack frames]]>
    </failure>
  </testcase> <!-- ValidateCartPage -->
  <testcase classname="smokeTestIE.ValidateSmokeTest" name="ValidateFooterLinks" time="0.0">
    <failure type="java.lang.NullPointerException">
      <![CDATA[java.lang.NullPointerException
at pageObjects.Footer.getFStandCatalogFF(Footer.java:68)
at smokeTestIE.ValidateSmokeTest.ValidateFooterLinks(ValidateSmokeTest.java:746)
... Removed 29 stack frames]]>
    </failure>
  </testcase> <!-- ValidateFooterLinks -->
  <testcase classname="smokeTestIE.ValidateSmokeTest" name="ValidateTrackpage" time="0.001">
    <failure type="java.lang.NullPointerException">
      <![CDATA[java.lang.NullPointerException
at pageObjects.Header.getTrackBtnFF(Header.java:58)
at smokeTestIE.ValidateSmokeTest.ValidateTrackpage(ValidateSmokeTest.java:842)
... Removed 29 stack frames]]>
    </failure>
  </testcase> <!-- ValidateTrackpage -->
  <testcase classname="smokeTestIE.ValidateSmokeTest" name="ValidateordersPage" time="0.0">
    <failure type="java.lang.NullPointerException">
      <![CDATA[java.lang.NullPointerException
at pageObjects.Header.getOrderBtn(Header.java:77)
at smokeTestIE.ValidateSmokeTest.ValidateordersPage(ValidateSmokeTest.java:864)
... Removed 29 stack frames]]>
    </failure>
  </testcase> <!-- ValidateordersPage -->
  <testcase classname="smokeTestIE.ValidateSmokeTest" name="ValidatePurchaseAnalysisPage" time="0.0">
    <failure type="java.lang.NullPointerException">
      <![CDATA[java.lang.NullPointerException
at pageObjects.Header.getPAnalysisBtn(Header.java:72)
at smokeTestIE.ValidateSmokeTest.ValidatePurchaseAnalysisPage(ValidateSmokeTest.java:889)
... Removed 29 stack frames]]>
    </failure>
  </testcase> <!-- ValidatePurchaseAnalysisPage -->
  <testcase classname="smokeTestIE.ValidateSmokeTest" name="ValidatePAEmail" time="0.001">
    <failure type="java.lang.NullPointerException">
      <![CDATA[java.lang.NullPointerException
at com.google.common.base.Preconditions.checkNotNull(Preconditions.java:882)
at org.openqa.selenium.support.ui.FluentWait.<init>(FluentWait.java:104)
at org.openqa.selenium.support.ui.WebDriverWait.<init>(WebDriverWait.java:71)
at org.openqa.selenium.support.ui.WebDriverWait.<init>(WebDriverWait.java:45)
at smokeTestIE.ValidateSmokeTest.ValidatePAEmail(ValidateSmokeTest.java:912)
... Removed 29 stack frames]]>
    </failure>
  </testcase> <!-- ValidatePAEmail -->
  <testcase classname="smokeTestIE.ValidateSmokeTest" name="ValidateCalendarPage" time="0.0">
    <failure type="java.lang.NullPointerException">
      <![CDATA[java.lang.NullPointerException
at pageObjects.Header.getTrackBtnFF(Header.java:58)
at smokeTestIE.ValidateSmokeTest.ValidateCalendarPage(ValidateSmokeTest.java:950)
... Removed 29 stack frames]]>
    </failure>
  </testcase> <!-- ValidateCalendarPage -->
  <testcase classname="smokeTestIE.ValidateSmokeTest" name="ValidateSavedReports" time="0.001">
    <failure type="java.lang.NullPointerException">
      <![CDATA[java.lang.NullPointerException
at pageObjects.TrackPage.getSavedReports(TrackPage.java:58)
at smokeTestIE.ValidateSmokeTest.ValidateSavedReports(ValidateSmokeTest.java:1345)
... Removed 29 stack frames]]>
    </failure>
  </testcase> <!-- ValidateSavedReports -->
  <testcase classname="smokeTestIE.ValidateSmokeTest" name="ValidateComparePage" time="0.001">
    <failure type="java.lang.NullPointerException">
      <![CDATA[java.lang.NullPointerException
at com.google.common.base.Preconditions.checkNotNull(Preconditions.java:882)
at org.openqa.selenium.support.ui.FluentWait.<init>(FluentWait.java:104)
at org.openqa.selenium.support.ui.WebDriverWait.<init>(WebDriverWait.java:71)
at org.openqa.selenium.support.ui.WebDriverWait.<init>(WebDriverWait.java:45)
at smokeTestIE.ValidateSmokeTest.ValidateComparePage(ValidateSmokeTest.java:1365)
... Removed 29 stack frames]]>
    </failure>
  </testcase> <!-- ValidateComparePage -->
  <testcase classname="smokeTestIE.ValidateSmokeTest" name="ValidateAddTofavorites" time="0.0">
    <ignored/>
  </testcase> <!-- ValidateAddTofavorites -->
  <testcase classname="smokeTestIE.ValidateSmokeTest" name="ValidateAddToCart" time="0.0">
    <ignored/>
  </testcase> <!-- ValidateAddToCart -->
  <testcase classname="smokeTestIE.ValidateSmokeTest" name="ValidateCheckoutFooterLogo" time="0.0">
    <ignored/>
  </testcase> <!-- ValidateCheckoutFooterLogo -->
  <testcase classname="smokeTestIE.ValidateSmokeTest" name="ValidateCheckoutProcess" time="0.0">
    <ignored/>
  </testcase> <!-- ValidateCheckoutProcess -->
  <testcase classname="smokeTestIE.ValidateSmokeTest" name="ValidateRemoveFromCart" time="0.0">
    <ignored/>
  </testcase> <!-- ValidateRemoveFromCart -->
  <testcase classname="smokeTestIE.ValidateSmokeTest" name="ValidateCalendarLinks" time="0.0">
    <ignored/>
  </testcase> <!-- ValidateCalendarLinks -->
  <testcase classname="smokeTestIE.ValidateSmokeTest" name="ValidateAllReportsLinks" time="0.0">
    <ignored/>
  </testcase> <!-- ValidateAllReportsLinks -->
  <testcase classname="smokeTestIE.ValidateSmokeTest" name="ValidateCheckoutHeaderLogo" time="0.0">
    <ignored/>
  </testcase> <!-- ValidateCheckoutHeaderLogo -->
</testsuite> <!-- ValidateSmokeTests -->
