<?xml version="1.0" encoding="UTF-8"?>
<!-- Generated by org.testng.reporters.JUnitXMLReporter -->
<testsuite hostname="DESKTOP-B75F35K" ignored="8" name="ValidateSmokeTests" tests="23" failures="1" timestamp="17 May 2018 22:17:33 GMT" time="502.532" errors="0">
  <testcase name="ValidateLogin" time="29.216" classname="smokeTestIE.ValidateSmokeTest"/>
  <testcase name="ValidateFavoriteIcon" time="35.637" classname="smokeTestIE.ValidateSmokeTest"/>
  <testcase name="ValidateSearching" time="21.527" classname="smokeTestIE.ValidateSmokeTest"/>
  <testcase name="ValidatePDPandAddToCart" time="29.946" classname="smokeTestIE.ValidateSmokeTest"/>
  <testcase name="ValidateRecentViewLink" time="20.871" classname="smokeTestIE.ValidateSmokeTest"/>
  <testcase name="ValidateFooterLogo" time="3.169" classname="smokeTestIE.ValidateSmokeTest"/>
  <testcase name="ValidateMyProfNavigation" time="21.64" classname="smokeTestIE.ValidateSmokeTest"/>
  <testcase name="ValidateHeaderLogo" time="12.842" classname="smokeTestIE.ValidateSmokeTest"/>
  <testcase name="ValidateStandardsCatalog" time="11.257" classname="smokeTestIE.ValidateSmokeTest"/>
  <testcase name="ValidateStandardsCatalogDetail" time="59.604" classname="smokeTestIE.ValidateSmokeTest"/>
  <testcase name="ValidateAllProduct" time="10.545" classname="smokeTestIE.ValidateSmokeTest"/>
  <testcase name="ValidateAudioCablesCategory" time="19.552" classname="smokeTestIE.ValidateSmokeTest">
    <failure type="java.lang.AssertionError" message="expected [Audio Cables - MarkITplace] but found [All Products - MarkITplace]">
      <![CDATA[java.lang.AssertionError: expected [Audio Cables - MarkITplace] but found [All Products - MarkITplace]
at smokeTestIE.ValidateSmokeTest.ValidateAudioCablesCategory(ValidateSmokeTest.java:562)
... Removed 35 stack frames]]>
    </failure>
  </testcase> <!-- ValidateAudioCablesCategory -->
  <testcase name="ValidateResources" time="18.956" classname="smokeTestIE.ValidateSmokeTest"/>
  <testcase name="ValidateSpecialOffer" time="10.498" classname="smokeTestIE.ValidateSmokeTest"/>
  <testcase name="ValidateCartPage" time="6.137" classname="smokeTestIE.ValidateSmokeTest"/>
  <testcase name="ValidateCheckoutProcess" time="33.66" classname="smokeTestIE.ValidateSmokeTest"/>
  <testcase name="ValidateFooterLinks" time="57.385" classname="smokeTestIE.ValidateSmokeTest"/>
  <testcase name="ValidateTrackpage" time="33.031" classname="smokeTestIE.ValidateSmokeTest"/>
  <testcase name="ValidateordersPage" time="22.076" classname="smokeTestIE.ValidateSmokeTest"/>
  <testcase name="ValidatePurchaseAnalysisPage" time="10.391" classname="smokeTestIE.ValidateSmokeTest"/>
  <testcase name="ValidatePAEmail" time="2.674" classname="smokeTestIE.ValidateSmokeTest"/>
  <testcase name="ValidateCalendarPage" time="16.079" classname="smokeTestIE.ValidateSmokeTest"/>
  <testcase name="ValidateSavedReports" time="15.441" classname="smokeTestIE.ValidateSmokeTest"/>
  <testcase name="ValidateAddTofavorites" time="0.0" classname="smokeTestIE.ValidateSmokeTest">
    <ignored/>
  </testcase> <!-- ValidateAddTofavorites -->
  <testcase name="ValidateAddToCart" time="0.0" classname="smokeTestIE.ValidateSmokeTest">
    <ignored/>
  </testcase> <!-- ValidateAddToCart -->
  <testcase name="ValidateCheckoutFooterLogo" time="0.0" classname="smokeTestIE.ValidateSmokeTest">
    <ignored/>
  </testcase> <!-- ValidateCheckoutFooterLogo -->
  <testcase name="ValidateComparePage" time="0.0" classname="smokeTestIE.ValidateSmokeTest">
    <ignored/>
  </testcase> <!-- ValidateComparePage -->
  <testcase name="ValidateRemoveFromCart" time="0.0" classname="smokeTestIE.ValidateSmokeTest">
    <ignored/>
  </testcase> <!-- ValidateRemoveFromCart -->
  <testcase name="ValidateCalendarLinks" time="0.0" classname="smokeTestIE.ValidateSmokeTest">
    <ignored/>
  </testcase> <!-- ValidateCalendarLinks -->
  <testcase name="ValidateAllReportsLinks" time="0.0" classname="smokeTestIE.ValidateSmokeTest">
    <ignored/>
  </testcase> <!-- ValidateAllReportsLinks -->
  <testcase name="ValidateCheckoutHeaderLogo" time="0.0" classname="smokeTestIE.ValidateSmokeTest">
    <ignored/>
  </testcase> <!-- ValidateCheckoutHeaderLogo -->
</testsuite> <!-- ValidateSmokeTests -->
