<?xml version="1.0" encoding="UTF-8"?>
<!-- Generated by org.testng.reporters.JUnitXMLReporter -->
<testsuite hostname="DESKTOP-B75F35K" ignored="8" name="ValidateSmokeTests" tests="23" failures="4" timestamp="17 May 2018 04:45:00 GMT" time="1194.614" errors="0">
  <testcase name="ValidateLogin" time="26.477" classname="smokeTestIE.ValidateSmokeTest"/>
  <testcase name="ValidateFavoriteIcon" time="36.399" classname="smokeTestIE.ValidateSmokeTest"/>
  <testcase name="ValidateSearching" time="21.421" classname="smokeTestIE.ValidateSmokeTest"/>
  <testcase name="ValidatePDP" time="196.048" classname="smokeTestIE.ValidateSmokeTest"/>
  <testcase name="ValidateRecentViewLink" time="79.426" classname="smokeTestIE.ValidateSmokeTest"/>
  <testcase name="ValidateFooterLogo" time="3.244" classname="smokeTestIE.ValidateSmokeTest"/>
  <testcase name="ValidateMyProfNavigation" time="25.153" classname="smokeTestIE.ValidateSmokeTest"/>
  <testcase name="ValidateHeaderLogo" time="27.426" classname="smokeTestIE.ValidateSmokeTest"/>
  <testcase name="ValidateStandardsCatalog" time="12.547" classname="smokeTestIE.ValidateSmokeTest"/>
  <testcase name="ValidateStandardsCatalogDetail" time="21.343" classname="smokeTestIE.ValidateSmokeTest"/>
  <testcase name="ValidateAllProduct" time="90.783" classname="smokeTestIE.ValidateSmokeTest"/>
  <testcase name="ValidateAudioCablesCategory" time="37.545" classname="smokeTestIE.ValidateSmokeTest"/>
  <testcase name="ValidateResources" time="125.688" classname="smokeTestIE.ValidateSmokeTest"/>
  <testcase name="ValidateSpecialOffer" time="1.015" classname="smokeTestIE.ValidateSmokeTest">
    <failure type="java.lang.AssertionError" message="expected [Special Offers - MarkITplace] but found [Resources - MarkITplace]">
      <![CDATA[java.lang.AssertionError: expected [Special Offers - MarkITplace] but found [Resources - MarkITplace]
at smokeTestIE.ValidateSmokeTest.ValidateSpecialOffer(ValidateSmokeTest.java:595)
... Removed 35 stack frames]]>
    </failure>
  </testcase> <!-- ValidateSpecialOffer -->
  <testcase name="ValidateCartPage" time="6.53" classname="smokeTestIE.ValidateSmokeTest"/>
  <testcase name="ValidateFooterLinks" time="37.768" classname="smokeTestIE.ValidateSmokeTest">
    <failure type="java.lang.AssertionError" message="expected [Special Offers - MarkITplace] but found [Resources - MarkITplace]">
      <![CDATA[java.lang.AssertionError: expected [Special Offers - MarkITplace] but found [Resources - MarkITplace]
at smokeTestIE.ValidateSmokeTest.ValidateFooterLinks(ValidateSmokeTest.java:820)
... Removed 35 stack frames]]>
    </failure>
  </testcase> <!-- ValidateFooterLinks -->
  <testcase name="ValidateTrackpage" time="36.48" classname="smokeTestIE.ValidateSmokeTest"/>
  <testcase name="ValidateordersPage" time="5.41" classname="smokeTestIE.ValidateSmokeTest">
    <failure type="java.lang.AssertionError" message="expected [Orders - MarkITplace] but found [Track Dashboard - MarkITplace]">
      <![CDATA[java.lang.AssertionError: expected [Orders - MarkITplace] but found [Track Dashboard - MarkITplace]
at smokeTestIE.ValidateSmokeTest.ValidateordersPage(ValidateSmokeTest.java:883)
... Removed 35 stack frames]]>
    </failure>
  </testcase> <!-- ValidateordersPage -->
  <testcase name="ValidatePurchaseAnalysisPage" time="21.29" classname="smokeTestIE.ValidateSmokeTest"/>
  <testcase name="ValidatePAEmail" time="2.573" classname="smokeTestIE.ValidateSmokeTest"/>
  <testcase name="ValidateCalendarPage" time="18.806" classname="smokeTestIE.ValidateSmokeTest"/>
  <testcase name="ValidateSavedReports" time="22.504" classname="smokeTestIE.ValidateSmokeTest"/>
  <testcase name="ValidateComparePage" time="337.81" classname="smokeTestIE.ValidateSmokeTest">
    <failure type="java.lang.AssertionError" message="expected [Product Compare - MarkITplace] but found [null]">
      <![CDATA[java.lang.AssertionError: expected [Product Compare - MarkITplace] but found [null]
at smokeTestIE.ValidateSmokeTest.ValidateComparePage(ValidateSmokeTest.java:1400)
... Removed 35 stack frames]]>
    </failure>
  </testcase> <!-- ValidateComparePage -->
  <testcase name="ValidateAddTofavorites" time="0.0" classname="smokeTestIE.ValidateSmokeTest">
    <ignored/>
  </testcase> <!-- ValidateAddTofavorites -->
  <testcase name="ValidateAddToCart" time="0.0" classname="smokeTestIE.ValidateSmokeTest">
    <ignored/>
  </testcase> <!-- ValidateAddToCart -->
  <testcase name="ValidateCheckoutFooterLogo" time="0.0" classname="smokeTestIE.ValidateSmokeTest">
    <ignored/>
  </testcase> <!-- ValidateCheckoutFooterLogo -->
  <testcase name="ValidateCheckoutProcess" time="0.0" classname="smokeTestIE.ValidateSmokeTest">
    <ignored/>
  </testcase> <!-- ValidateCheckoutProcess -->
  <testcase name="ValidateRemoveFromCart" time="0.0" classname="smokeTestIE.ValidateSmokeTest">
    <ignored/>
  </testcase> <!-- ValidateRemoveFromCart -->
  <testcase name="ValidateCalendarLinks" time="0.0" classname="smokeTestIE.ValidateSmokeTest">
    <ignored/>
  </testcase> <!-- ValidateCalendarLinks -->
  <testcase name="ValidateAllReportsLinks" time="0.0" classname="smokeTestIE.ValidateSmokeTest">
    <ignored/>
  </testcase> <!-- ValidateAllReportsLinks -->
  <testcase name="ValidateCheckoutHeaderLogo" time="0.0" classname="smokeTestIE.ValidateSmokeTest">
    <ignored/>
  </testcase> <!-- ValidateCheckoutHeaderLogo -->
</testsuite> <!-- ValidateSmokeTests -->
