<?xml version="1.0" encoding="UTF-8"?>
<testng-results total="23" passed="21" failed="2" skipped="0">
  <reporter-output>
  </reporter-output>
  <suite started-at="2018-04-30T11:54:55Z" name="Default suite" finished-at="2018-04-30T12:02:32Z" duration-ms="457563">
    <groups>
    </groups>
    <test started-at="2018-04-30T11:54:55Z" name="Default test" finished-at="2018-04-30T12:02:32Z" duration-ms="457563">
      <class name="smokeTestIE.ValidateSmokeTest">
        <test-method signature="ValidateLogin()[pri:0, instance:smokeTestIE.ValidateSmokeTest@62e70ea3]" started-at="2018-04-30T16:54:55Z" name="ValidateLogin" finished-at="2018-04-30T16:55:20Z" duration-ms="25093" status="PASS">
          <reporter-output>
          </reporter-output>
        </test-method> <!-- ValidateLogin -->
        <test-method signature="ValidateFavoriteIcon()[pri:0, instance:smokeTestIE.ValidateSmokeTest@62e70ea3]" started-at="2018-04-30T16:55:20Z" name="ValidateFavoriteIcon" finished-at="2018-04-30T16:55:52Z" duration-ms="32579" status="PASS">
          <reporter-output>
          </reporter-output>
        </test-method> <!-- ValidateFavoriteIcon -->
        <test-method signature="ValidateSearching()[pri:0, instance:smokeTestIE.ValidateSmokeTest@62e70ea3]" started-at="2018-04-30T16:55:52Z" name="ValidateSearching" finished-at="2018-04-30T16:56:14Z" duration-ms="21906" status="PASS">
          <reporter-output>
          </reporter-output>
        </test-method> <!-- ValidateSearching -->
        <test-method signature="ValidatePDP()[pri:0, instance:smokeTestIE.ValidateSmokeTest@62e70ea3]" started-at="2018-04-30T16:56:14Z" name="ValidatePDP" finished-at="2018-04-30T16:56:41Z" duration-ms="27032" status="PASS">
          <reporter-output>
          </reporter-output>
        </test-method> <!-- ValidatePDP -->
        <test-method signature="ValidateRecentViewLink()[pri:0, instance:smokeTestIE.ValidateSmokeTest@62e70ea3]" started-at="2018-04-30T16:56:41Z" name="ValidateRecentViewLink" finished-at="2018-04-30T16:57:14Z" duration-ms="32656" status="PASS">
          <reporter-output>
          </reporter-output>
        </test-method> <!-- ValidateRecentViewLink -->
        <test-method signature="ValidateFooterLogo()[pri:0, instance:smokeTestIE.ValidateSmokeTest@62e70ea3]" started-at="2018-04-30T16:57:14Z" name="ValidateFooterLogo" finished-at="2018-04-30T16:57:19Z" duration-ms="4843" status="PASS">
          <reporter-output>
          </reporter-output>
        </test-method> <!-- ValidateFooterLogo -->
        <test-method signature="ValidateMyProfNavigation()[pri:0, instance:smokeTestIE.ValidateSmokeTest@62e70ea3]" started-at="2018-04-30T16:57:19Z" name="ValidateMyProfNavigation" finished-at="2018-04-30T16:57:48Z" duration-ms="29110" status="PASS">
          <reporter-output>
          </reporter-output>
        </test-method> <!-- ValidateMyProfNavigation -->
        <test-method signature="ValidateHeaderLogo()[pri:0, instance:smokeTestIE.ValidateSmokeTest@62e70ea3]" started-at="2018-04-30T16:57:48Z" name="ValidateHeaderLogo" finished-at="2018-04-30T16:58:02Z" duration-ms="14375" status="PASS">
          <reporter-output>
          </reporter-output>
        </test-method> <!-- ValidateHeaderLogo -->
        <test-method signature="ValidateStandardsCatalog()[pri:0, instance:smokeTestIE.ValidateSmokeTest@62e70ea3]" started-at="2018-04-30T16:58:02Z" name="ValidateStandardsCatalog" finished-at="2018-04-30T16:58:14Z" duration-ms="11781" status="PASS">
          <reporter-output>
          </reporter-output>
        </test-method> <!-- ValidateStandardsCatalog -->
        <test-method signature="ValidateStandardsCatalogDetail()[pri:0, instance:smokeTestIE.ValidateSmokeTest@62e70ea3]" started-at="2018-04-30T16:58:14Z" name="ValidateStandardsCatalogDetail" finished-at="2018-04-30T16:58:58Z" duration-ms="44110" status="PASS">
          <reporter-output>
          </reporter-output>
        </test-method> <!-- ValidateStandardsCatalogDetail -->
        <test-method signature="ValidateAllProduct()[pri:0, instance:smokeTestIE.ValidateSmokeTest@62e70ea3]" started-at="2018-04-30T16:58:58Z" name="ValidateAllProduct" finished-at="2018-04-30T16:59:14Z" duration-ms="15406" status="PASS">
          <reporter-output>
          </reporter-output>
        </test-method> <!-- ValidateAllProduct -->
        <test-method signature="ValidateAudioCablesCategory()[pri:0, instance:smokeTestIE.ValidateSmokeTest@62e70ea3]" started-at="2018-04-30T16:59:14Z" name="ValidateAudioCablesCategory" finished-at="2018-04-30T16:59:34Z" duration-ms="20499" status="FAIL">
          <exception class="java.lang.AssertionError">
            <message>
              <![CDATA[expected [Audio Cables - MarkITplace] but found [All Products - MarkITplace]]]>
            </message>
            <full-stacktrace>
              <![CDATA[java.lang.AssertionError: expected [Audio Cables - MarkITplace] but found [All Products - MarkITplace]
	at org.testng.Assert.fail(Assert.java:94)
	at org.testng.Assert.failNotEquals(Assert.java:494)
	at org.testng.Assert.assertEquals(Assert.java:123)
	at org.testng.Assert.assertEquals(Assert.java:176)
	at org.testng.Assert.assertEquals(Assert.java:186)
	at smokeTestIE.ValidateSmokeTest.ValidateAudioCablesCategory(ValidateSmokeTest.java:554)
	at java.base/jdk.internal.reflect.NativeMethodAccessorImpl.invoke0(Native Method)
	at java.base/jdk.internal.reflect.NativeMethodAccessorImpl.invoke(NativeMethodAccessorImpl.java:62)
	at java.base/jdk.internal.reflect.DelegatingMethodAccessorImpl.invoke(DelegatingMethodAccessorImpl.java:43)
	at java.base/java.lang.reflect.Method.invoke(Method.java:564)
	at org.testng.internal.MethodInvocationHelper.invokeMethod(MethodInvocationHelper.java:80)
	at org.testng.internal.Invoker.invokeMethod(Invoker.java:714)
	at org.testng.internal.Invoker.invokeTestMethod(Invoker.java:901)
	at org.testng.internal.Invoker.invokeTestMethods(Invoker.java:1231)
	at org.testng.internal.TestMethodWorker.invokeTestMethods(TestMethodWorker.java:127)
	at org.testng.internal.TestMethodWorker.run(TestMethodWorker.java:111)
	at org.testng.TestRunner.privateRun(TestRunner.java:767)
	at org.testng.TestRunner.run(TestRunner.java:617)
	at org.testng.SuiteRunner.runTest(SuiteRunner.java:334)
	at org.testng.SuiteRunner.runSequentially(SuiteRunner.java:329)
	at org.testng.SuiteRunner.privateRun(SuiteRunner.java:291)
	at org.testng.SuiteRunner.run(SuiteRunner.java:240)
	at org.testng.SuiteRunnerWorker.runSuite(SuiteRunnerWorker.java:52)
	at org.testng.SuiteRunnerWorker.run(SuiteRunnerWorker.java:86)
	at org.testng.TestNG.runSuitesSequentially(TestNG.java:1198)
	at org.testng.TestNG.runSuitesLocally(TestNG.java:1123)
	at org.testng.TestNG.run(TestNG.java:1031)
	at org.testng.remote.AbstractRemoteTestNG.run(AbstractRemoteTestNG.java:114)
	at org.testng.remote.RemoteTestNG.initAndRun(RemoteTestNG.java:251)
	at org.testng.remote.RemoteTestNG.main(RemoteTestNG.java:77)
]]>
            </full-stacktrace>
          </exception> <!-- java.lang.AssertionError -->
          <reporter-output>
          </reporter-output>
        </test-method> <!-- ValidateAudioCablesCategory -->
        <test-method signature="ValidateResources()[pri:0, instance:smokeTestIE.ValidateSmokeTest@62e70ea3]" started-at="2018-04-30T16:59:34Z" name="ValidateResources" finished-at="2018-04-30T16:59:45Z" duration-ms="11269" status="PASS">
          <reporter-output>
          </reporter-output>
        </test-method> <!-- ValidateResources -->
        <test-method signature="ValidateSpecialOffer()[pri:0, instance:smokeTestIE.ValidateSmokeTest@62e70ea3]" started-at="2018-04-30T16:59:45Z" name="ValidateSpecialOffer" finished-at="2018-04-30T16:59:52Z" duration-ms="6762" status="PASS">
          <reporter-output>
          </reporter-output>
        </test-method> <!-- ValidateSpecialOffer -->
        <test-method signature="ValidateCartPage()[pri:0, instance:smokeTestIE.ValidateSmokeTest@62e70ea3]" started-at="2018-04-30T16:59:52Z" name="ValidateCartPage" finished-at="2018-04-30T16:59:59Z" duration-ms="6578" status="PASS">
          <reporter-output>
          </reporter-output>
        </test-method> <!-- ValidateCartPage -->
        <test-method signature="ValidateFooterLinks()[pri:0, instance:smokeTestIE.ValidateSmokeTest@62e70ea3]" started-at="2018-04-30T16:59:59Z" name="ValidateFooterLinks" finished-at="2018-04-30T17:00:10Z" duration-ms="11094" status="FAIL">
          <exception class="java.lang.AssertionError">
            <message>
              <![CDATA[expected [Standard Products - MarkITplace] but found [Cart - MarkITplace]]]>
            </message>
            <full-stacktrace>
              <![CDATA[java.lang.AssertionError: expected [Standard Products - MarkITplace] but found [Cart - MarkITplace]
	at org.testng.Assert.fail(Assert.java:94)
	at org.testng.Assert.failNotEquals(Assert.java:494)
	at org.testng.Assert.assertEquals(Assert.java:123)
	at org.testng.Assert.assertEquals(Assert.java:176)
	at org.testng.Assert.assertEquals(Assert.java:186)
	at smokeTestIE.ValidateSmokeTest.ValidateFooterLinks(ValidateSmokeTest.java:762)
	at java.base/jdk.internal.reflect.NativeMethodAccessorImpl.invoke0(Native Method)
	at java.base/jdk.internal.reflect.NativeMethodAccessorImpl.invoke(NativeMethodAccessorImpl.java:62)
	at java.base/jdk.internal.reflect.DelegatingMethodAccessorImpl.invoke(DelegatingMethodAccessorImpl.java:43)
	at java.base/java.lang.reflect.Method.invoke(Method.java:564)
	at org.testng.internal.MethodInvocationHelper.invokeMethod(MethodInvocationHelper.java:80)
	at org.testng.internal.Invoker.invokeMethod(Invoker.java:714)
	at org.testng.internal.Invoker.invokeTestMethod(Invoker.java:901)
	at org.testng.internal.Invoker.invokeTestMethods(Invoker.java:1231)
	at org.testng.internal.TestMethodWorker.invokeTestMethods(TestMethodWorker.java:127)
	at org.testng.internal.TestMethodWorker.run(TestMethodWorker.java:111)
	at org.testng.TestRunner.privateRun(TestRunner.java:767)
	at org.testng.TestRunner.run(TestRunner.java:617)
	at org.testng.SuiteRunner.runTest(SuiteRunner.java:334)
	at org.testng.SuiteRunner.runSequentially(SuiteRunner.java:329)
	at org.testng.SuiteRunner.privateRun(SuiteRunner.java:291)
	at org.testng.SuiteRunner.run(SuiteRunner.java:240)
	at org.testng.SuiteRunnerWorker.runSuite(SuiteRunnerWorker.java:52)
	at org.testng.SuiteRunnerWorker.run(SuiteRunnerWorker.java:86)
	at org.testng.TestNG.runSuitesSequentially(TestNG.java:1198)
	at org.testng.TestNG.runSuitesLocally(TestNG.java:1123)
	at org.testng.TestNG.run(TestNG.java:1031)
	at org.testng.remote.AbstractRemoteTestNG.run(AbstractRemoteTestNG.java:114)
	at org.testng.remote.RemoteTestNG.initAndRun(RemoteTestNG.java:251)
	at org.testng.remote.RemoteTestNG.main(RemoteTestNG.java:77)
]]>
            </full-stacktrace>
          </exception> <!-- java.lang.AssertionError -->
          <reporter-output>
          </reporter-output>
        </test-method> <!-- ValidateFooterLinks -->
        <test-method signature="ValidateTrackpage()[pri:0, instance:smokeTestIE.ValidateSmokeTest@62e70ea3]" started-at="2018-04-30T17:00:10Z" name="ValidateTrackpage" finished-at="2018-04-30T17:00:40Z" duration-ms="29984" status="PASS">
          <reporter-output>
          </reporter-output>
        </test-method> <!-- ValidateTrackpage -->
        <test-method signature="ValidateordersPage()[pri:0, instance:smokeTestIE.ValidateSmokeTest@62e70ea3]" started-at="2018-04-30T17:00:40Z" name="ValidateordersPage" finished-at="2018-04-30T17:00:56Z" duration-ms="15735" status="PASS">
          <reporter-output>
          </reporter-output>
        </test-method> <!-- ValidateordersPage -->
        <test-method signature="ValidatePurchaseAnalysisPage()[pri:0, instance:smokeTestIE.ValidateSmokeTest@62e70ea3]" started-at="2018-04-30T17:00:56Z" name="ValidatePurchaseAnalysisPage" finished-at="2018-04-30T17:01:07Z" duration-ms="11093" status="PASS">
          <reporter-output>
          </reporter-output>
        </test-method> <!-- ValidatePurchaseAnalysisPage -->
        <test-method signature="ValidatePAEmail()[pri:0, instance:smokeTestIE.ValidateSmokeTest@62e70ea3]" started-at="2018-04-30T17:01:07Z" name="ValidatePAEmail" finished-at="2018-04-30T17:01:11Z" duration-ms="4344" status="PASS">
          <reporter-output>
          </reporter-output>
        </test-method> <!-- ValidatePAEmail -->
        <test-method signature="ValidateCalendarPage()[pri:0, instance:smokeTestIE.ValidateSmokeTest@62e70ea3]" started-at="2018-04-30T17:01:11Z" name="ValidateCalendarPage" finished-at="2018-04-30T17:01:31Z" duration-ms="19892" status="PASS">
          <reporter-output>
          </reporter-output>
        </test-method> <!-- ValidateCalendarPage -->
        <test-method signature="ValidateSavedReports()[pri:0, instance:smokeTestIE.ValidateSmokeTest@62e70ea3]" started-at="2018-04-30T17:01:31Z" name="ValidateSavedReports" finished-at="2018-04-30T17:01:54Z" duration-ms="23312" status="PASS">
          <reporter-output>
          </reporter-output>
        </test-method> <!-- ValidateSavedReports -->
        <test-method signature="ValidateComparePage()[pri:0, instance:smokeTestIE.ValidateSmokeTest@62e70ea3]" started-at="2018-04-30T17:01:54Z" name="ValidateComparePage" finished-at="2018-04-30T17:02:32Z" duration-ms="38047" status="PASS">
          <reporter-output>
          </reporter-output>
        </test-method> <!-- ValidateComparePage -->
        <test-method is-config="true" signature="closebrowser()[pri:0, instance:smokeTestIE.ValidateSmokeTest@62e70ea3]" started-at="2018-04-30T17:02:32Z" name="closebrowser" finished-at="2018-04-30T17:02:32Z" duration-ms="31" status="PASS">
          <reporter-output>
          </reporter-output>
        </test-method> <!-- closebrowser -->
      </class> <!-- smokeTestIE.ValidateSmokeTest -->
    </test> <!-- Default test -->
  </suite> <!-- Default suite -->
</testng-results>
